<?xml version="1.0" encoding="UTF-8"?>
<!-- Generated by org.testng.reporters.JUnitReportReporter -->
<testsuite hostname="LAPTOP-MBQJV29I" failures="0" tests="1" name="tests.CatFactsApiTest" time="2.399" errors="0" timestamp="2025-01-28T16:55:09 EET" skipped="0">
  <testcase classname="tests.CatFactsApiTest" name="testRandomCatFact" time="2.399"/>
  <system-out/>
</testsuite> <!-- tests.CatFactsApiTest -->
